FXC : warning X4717: Effects deprecated for D3DCompiler_47
I:\Real-time-rendering-engine\Ovalty\src\Shader\conetracer.fx(166,2-14): warning X3206: implicit truncation of vector type
I:\Real-time-rendering-engine\Ovalty\src\Shader\conetracer.fx(190,18-46): warning X3206: implicit truncation of vector type
I:\Real-time-rendering-engine\Ovalty\src\Shader\conetracer.fx(193,21-37): warning X3206: implicit truncation of vector type
  
  compilation object save succeeded; see I:\Real-time-rendering-engine\Ovalty\Debug\conetracer.cso
FXC : warning X4717: Effects deprecated for D3DCompiler_47
  
  compilation object save succeeded; see I:\Real-time-rendering-engine\Ovalty\Debug\visualizer.cso
FXC : warning X4717: Effects deprecated for D3DCompiler_47
I:\Real-time-rendering-engine\Ovalty\src\Shader\voxelizer.fx(151,8-28): warning X3206: implicit truncation of vector type
I:\Real-time-rendering-engine\Ovalty\src\Shader\voxelizer.fx(152,8-28): warning X3206: implicit truncation of vector type
I:\Real-time-rendering-engine\Ovalty\src\Shader\voxelizer.fx(153,8-28): warning X3206: implicit truncation of vector type
  
  compilation object save succeeded; see I:\Real-time-rendering-engine\Ovalty\Debug\voxelizer.cso
  Voxelizer.cpp
c:\program files (x86)\windows kits\10\include\10.0.10240.0\ucrt\crtdbg.h(302): warning C4005: '_malloca': macro redefinition
  c:\program files (x86)\windows kits\10\include\10.0.10240.0\ucrt\malloc.h(120): note: see previous definition of '_malloca'
i:\real-time-rendering-engine\ovalty\src\voxelization\voxelizer.cpp(42): warning C4244: 'argument': conversion from 'float' to 'const int', possible loss of data
i:\real-time-rendering-engine\ovalty\src\voxelization\voxelizer.cpp(132): warning C4244: '=': conversion from 'float' to 'UINT', possible loss of data
i:\real-time-rendering-engine\ovalty\src\voxelization\voxelizer.cpp(133): warning C4244: '=': conversion from 'float' to 'UINT', possible loss of data
i:\real-time-rendering-engine\ovalty\src\voxelization\voxelizer.cpp(134): warning C4244: '=': conversion from 'float' to 'UINT', possible loss of data
i:\real-time-rendering-engine\ovalty\src\voxelization\voxelizer.cpp(151): warning C4244: '=': conversion from 'float' to 'UINT', possible loss of data
  Visualizer.cpp
c:\program files (x86)\windows kits\10\include\10.0.10240.0\ucrt\crtdbg.h(302): warning C4005: '_malloca': macro redefinition
  c:\program files (x86)\windows kits\10\include\10.0.10240.0\ucrt\malloc.h(120): note: see previous definition of '_malloca'
i:\real-time-rendering-engine\ovalty\src\voxelization\visualizer.cpp(41): warning C4244: 'initializing': conversion from 'float' to 'int', possible loss of data
  myShapeLibrary.cpp
i:\real-time-rendering-engine\ovalty\src\util\myshapelibrary.cpp(157): warning C4018: '<': signed/unsigned mismatch
  myMathLibrary.cpp
  GameTimer.cpp
  Camera.cpp
  OctreeNode.cpp
  octree.cpp
  dxerr.cpp
  d3dUtil.cpp
  d3dApp.cpp
  ConeTracer.cpp
c:\program files (x86)\windows kits\10\include\10.0.10240.0\ucrt\crtdbg.h(302): warning C4005: '_malloca': macro redefinition
  c:\program files (x86)\windows kits\10\include\10.0.10240.0\ucrt\malloc.h(120): note: see previous definition of '_malloca'
  tiny_obj_loader.cc
  DDSTextureLoader.cpp
  main_thread.cpp
  Generating Code...
effects11d.lib(d3dxGlobal.obj) : warning LNK4099: PDB 'Effects11.pdb' was not found with 'effects11d.lib(d3dxGlobal.obj)' or at 'I:\Real-time-rendering-engine\Ovalty\Debug\Effects11.pdb'; linking object as if no debug info
effects11d.lib(EffectAPI.obj) : warning LNK4099: PDB 'Effects11.pdb' was not found with 'effects11d.lib(EffectAPI.obj)' or at 'I:\Real-time-rendering-engine\Ovalty\Debug\Effects11.pdb'; linking object as if no debug info
effects11d.lib(EffectLoad.obj) : warning LNK4099: PDB 'Effects11.pdb' was not found with 'effects11d.lib(EffectLoad.obj)' or at 'I:\Real-time-rendering-engine\Ovalty\Debug\Effects11.pdb'; linking object as if no debug info
effects11d.lib(EffectNonRuntime.obj) : warning LNK4099: PDB 'Effects11.pdb' was not found with 'effects11d.lib(EffectNonRuntime.obj)' or at 'I:\Real-time-rendering-engine\Ovalty\Debug\Effects11.pdb'; linking object as if no debug info
effects11d.lib(EffectReflection.obj) : warning LNK4099: PDB 'Effects11.pdb' was not found with 'effects11d.lib(EffectReflection.obj)' or at 'I:\Real-time-rendering-engine\Ovalty\Debug\Effects11.pdb'; linking object as if no debug info
effects11d.lib(EffectRuntime.obj) : warning LNK4099: PDB 'Effects11.pdb' was not found with 'effects11d.lib(EffectRuntime.obj)' or at 'I:\Real-time-rendering-engine\Ovalty\Debug\Effects11.pdb'; linking object as if no debug info
  Ovalty.vcxproj -> I:\Real-time-rendering-engine\Ovalty\Debug\Ovalty.exe
  Ovalty.vcxproj -> I:\Real-time-rendering-engine\Ovalty\Debug\Ovalty.pdb (Full PDB)
